[90m2025-08-06T13:14:07.020Z[39m [96mINFO[39m [97m@wdio/browserstack-service[39m BrowserStack service started with id: f7ff6b70-d1f5-4463-a3c4-0db6e8b2526e
[90m2025-08-06T13:14:07.022Z[39m [32mDEBUG[39m [97m@wdio/browserstack-service[39m Sending SDK event with data {
  userName: '[REDACTED]',
  accessKey: '[REDACTED]',
  event_type: 'SDKTestAttempted',
  detectedFramework: 'WebdriverIO-mocha',
  event_properties: {
    sdkRunId: 'f7ff6b70-d1f5-4463-a3c4-0db6e8b2526e',
    testhub_uuid: undefined,
    language_framework: 'WebdriverIO_mocha',
    referrer: 'WebdriverIO-mocha/9.18.3',
    language: 'WebdriverIO',
    languageVersion: 'v22.15.1',
    buildName: 'undefined',
    buildIdentifier: 'undefined',
    os: 'Darwin',
    hostname: 'Adarsh-RG9M5920FF',
    productMap: {
      observability: true,
      accessibility: null,
      percy: false,
      automate: true,
      app_automate: false
    },
    product: [ 'observability', 'automate' ],
    framework: 'mocha'
  }
}
[90m2025-08-06T13:14:07.354Z[39m [32mDEBUG[39m [97m@wdio/browserstack-service[39m Funnel Event Response: "{\"message\":\"SDK Event recorded successfully\"}"
[90m2025-08-06T13:14:07.354Z[39m [32mDEBUG[39m [97m@wdio/browserstack-service[39m Funnel event success
[90m2025-08-06T13:14:07.354Z[39m [32mDEBUG[39m [97m@wdio/browserstack-service[39m app is not defined in browserstack-service config, skipping ...
[90m2025-08-06T13:14:07.355Z[39m [32mDEBUG[39m [97m@wdio/browserstack-service[39m Sending launch start event
[90m2025-08-06T13:14:08.168Z[39m [32mDEBUG[39m [97m@wdio/browserstack-service[39m [Start_Build] Success response: {"observability":{"success":true,"options":{"allow_screenshots":true},"code":null,"errors":null,"error_trace_id":null},"accessibility":null,"automate":{"success":true,"options":{"allow_screenshots":true},"code":null,"errors":null,"error_trace_id":null},"turboscale":null,"build_hashed_id":"iitfpgqb3dmmctqkie0y9b4svgscxnwg98jvspyr","jwt":"eyJhbGciOiJIUzI1NiJ9.eyJpc3MiOiJicm93c2Vyc3RhY2tfb2IiLCJzdWIiOiI2NDIzNzgxIiwiZ3JvdXBfaWQiOjYzMzc1MzcsInVzZXJfaWQiOjY0MjM3ODEsImJ1aWxkX2hhc2hlZF9pZCI6ImlpdGZwZ3FiM2RtbWN0cWtpZTB5OWI0c3Znc2N4bndnOThqdnNweXIiLCJob29rX2FzX3Rlc3QiOiIxIiwiYnVpbGRfbmFtZSI6InBlcmN5X2ZpZ21hX21vY2t1cHMiLCJwcm9kdWN0X21hcCI6IntcIm9ic2VydmFiaWxpdHlcIjp0cnVlLFwiYXV0b21hdGVcIjp0cnVlLFwiYWNjZXNzaWJpbGl0eUF1dG9FbmFibGVkXCI6dHJ1ZSxcIm9yaWdpbkZyb21Qcm9kdWN0TWFwXCI6XCJBdXRvbWF0ZVwiLFwiYnN0YWNrQXV0b21hdGlvblwiOnRydWUsXCJjYWRcIjp0cnVlLFwibm9uU0RLXCI6ZmFsc2V9IiwiZ3JyX3JlZ2lvbiI6IiIsImlzX2xvd192b2x1bWUiOmZhbHNlLCJzaWduaW5nX2tleV9oYXNoIjoiMzdjMTEzMWU0YjJlNzQzYzc2NmUxZDcwYmY1ZjJiNTdkYzY5YjE5NWQzMDBlMzJhZThkMDIzMTIwYTRhNmQ5NyIsImlhdCI6MTc1NDQ4NjA0OCwiZXhwIjoxNzU0ODMxNjQ4fQ.KHk_6DWHgdYm0ZlxuOharfONJDbaw2qaLXG9Zp_7bos","discard_build":null,"app_automate":null}
[90m2025-08-06T13:14:08.168Z[39m [96mINFO[39m [97m@wdio/browserstack-service[39m Testhub started with id: iitfpgqb3dmmctqkie0y9b4svgscxnwg98jvspyr
[90m2025-08-06T13:14:16.114Z[39m [96mINFO[39m [97m@wdio/browserstack-service[39m Browserstack Local successfully started after 9088.998167ms
[90m2025-08-06T13:14:38.199Z[39m [32mDEBUG[39m [97m@wdio/browserstack-service[39m Skipping method: Console, exists: true, type: function
[90m2025-08-06T13:14:38.277Z[39m [32mDEBUG[39m [97m@wdio/browserstack-service[39m Requesting Browserstack session URL at https://api.browserstack.com/automate/sessions/545fc7b823650aa68a82aaab243c442773f392bd.json
[90m2025-08-06T13:14:38.604Z[39m [96mINFO[39m [97m@wdio/browserstack-service[39m Windows 10 chrome 120.0 session: https://automate.browserstack.com/builds/6a435c0f3a0f5d7bdce49b2c1dcced2a48347347/sessions/545fc7b823650aa68a82aaab243c442773f392bd
[90m2025-08-06T13:14:38.609Z[39m [96mINFO[39m [97m@wdio/browserstack-service[39m Update job with sessionId 545fc7b823650aa68a82aaab243c442773f392bd
[90m2025-08-06T13:14:38.610Z[39m [32mDEBUG[39m [97m@wdio/browserstack-service[39m Updating Browserstack session at https://api.browserstack.com/automate/sessions/545fc7b823650aa68a82aaab243c442773f392bd.json with request body: 
[90m2025-08-06T13:14:38.990Z[39m [96mINFO[39m [97m@wdio/browserstack-service[39m Update job with sessionId 545fc7b823650aa68a82aaab243c442773f392bd
[90m2025-08-06T13:14:38.991Z[39m [32mDEBUG[39m [97m@wdio/browserstack-service[39m Updating Browserstack session at https://api.browserstack.com/automate/sessions/545fc7b823650aa68a82aaab243c442773f392bd.json with request body: 
[90m2025-08-06T13:14:39.383Z[39m [32mDEBUG[39m [97m@wdio/browserstack-service[39m Got osVersion from user bstack options
[90m2025-08-06T13:14:39.383Z[39m [32mDEBUG[39m [97m@wdio/browserstack-service[39m Added data to request queue. Queue length = 1
[90m2025-08-06T13:14:41.384Z[39m [32mDEBUG[39m [97m@wdio/browserstack-service[39m Sending data from request queue. Data length = 1, Queue length after removal = 0
[90m2025-08-06T13:14:41.385Z[39m [32mDEBUG[39m [97m@wdio/browserstack-service[39m calling callback with kind INTERVAL_QUEUE
[90m2025-08-06T13:14:41.385Z[39m [32mDEBUG[39m [97m@wdio/browserstack-service[39m callback: called with events 1
[90m2025-08-06T13:14:42.102Z[39m [32mDEBUG[39m [97m@wdio/browserstack-service[39m [BATCH_DATA] Success response: {"success":true}
[90m2025-08-06T13:14:42.103Z[39m [32mDEBUG[39m [97m@wdio/browserstack-service[39m callback: marking events success 1
[90m2025-08-06T13:14:48.409Z[39m [32mDEBUG[39m [97m@wdio/browserstack-service[39m Added data to request queue. Queue length = 1
[90m2025-08-06T13:14:48.527Z[39m [32mDEBUG[39m [97m@wdio/browserstack-service[39m Added data to request queue. Queue length = 2
[90m2025-08-06T13:14:48.646Z[39m [32mDEBUG[39m [97m@wdio/browserstack-service[39m Added data to request queue. Queue length = 3
[90m2025-08-06T13:14:48.833Z[39m [32mDEBUG[39m [97m@wdio/browserstack-service[39m Added data to request queue. Queue length = 4
[90m2025-08-06T13:14:48.904Z[39m [32mDEBUG[39m [97m@wdio/browserstack-service[39m Added data to request queue. Queue length = 5
[90m2025-08-06T13:14:48.992Z[39m [32mDEBUG[39m [97m@wdio/browserstack-service[39m Added data to request queue. Queue length = 6
[90m2025-08-06T13:14:49.149Z[39m [32mDEBUG[39m [97m@wdio/browserstack-service[39m Added data to request queue. Queue length = 7
[90m2025-08-06T13:14:49.202Z[39m [32mDEBUG[39m [97m@wdio/browserstack-service[39m Added data to request queue. Queue length = 8
[90m2025-08-06T13:14:49.339Z[39m [32mDEBUG[39m [97m@wdio/browserstack-service[39m Added data to request queue. Queue length = 9
[90m2025-08-06T13:14:49.389Z[39m [32mDEBUG[39m [97m@wdio/browserstack-service[39m Sending data from request queue. Data length = 9, Queue length after removal = 0
[90m2025-08-06T13:14:49.389Z[39m [32mDEBUG[39m [97m@wdio/browserstack-service[39m calling callback with kind INTERVAL_QUEUE
[90m2025-08-06T13:14:49.389Z[39m [32mDEBUG[39m [97m@wdio/browserstack-service[39m callback: called with events 9
[90m2025-08-06T13:14:49.402Z[39m [32mDEBUG[39m [97m@wdio/browserstack-service[39m Added data to request queue. Queue length = 1
[90m2025-08-06T13:14:49.460Z[39m [32mDEBUG[39m [97m@wdio/browserstack-service[39m Added data to request queue. Queue length = 2
[90m2025-08-06T13:14:49.523Z[39m [32mDEBUG[39m [97m@wdio/browserstack-service[39m Added data to request queue. Queue length = 3
[90m2025-08-06T13:14:49.568Z[39m [32mDEBUG[39m [97m@wdio/browserstack-service[39m Added data to request queue. Queue length = 4
[90m2025-08-06T13:14:49.625Z[39m [32mDEBUG[39m [97m@wdio/browserstack-service[39m Added data to request queue. Queue length = 5
[90m2025-08-06T13:14:49.713Z[39m [32mDEBUG[39m [97m@wdio/browserstack-service[39m Added data to request queue. Queue length = 6
[90m2025-08-06T13:14:49.767Z[39m [32mDEBUG[39m [97m@wdio/browserstack-service[39m Added data to request queue. Queue length = 7
[90m2025-08-06T13:14:49.826Z[39m [32mDEBUG[39m [97m@wdio/browserstack-service[39m Added data to request queue. Queue length = 8
[90m2025-08-06T13:14:49.876Z[39m [32mDEBUG[39m [97m@wdio/browserstack-service[39m Added data to request queue. Queue length = 9
[90m2025-08-06T13:14:49.911Z[39m [32mDEBUG[39m [97m@wdio/browserstack-service[39m Added data to request queue. Queue length = 10
[90m2025-08-06T13:14:49.912Z[39m [32mDEBUG[39m [97m@wdio/browserstack-service[39m Accessibility after test hook. Before sending test stop event
[90m2025-08-06T13:14:49.912Z[39m [32mDEBUG[39m [97m@wdio/browserstack-service[39m Got osVersion from user bstack options
[90m2025-08-06T13:14:49.912Z[39m [32mDEBUG[39m [97m@wdio/browserstack-service[39m Added data to request queue. Queue length = 11
[90m2025-08-06T13:14:49.919Z[39m [96mINFO[39m [97m@wdio/browserstack-service[39m Update job with sessionId 545fc7b823650aa68a82aaab243c442773f392bd
[90m2025-08-06T13:14:49.919Z[39m [32mDEBUG[39m [97m@wdio/browserstack-service[39m Updating Browserstack session at https://api.browserstack.com/automate/sessions/545fc7b823650aa68a82aaab243c442773f392bd.json with request body: 
[90m2025-08-06T13:14:50.069Z[39m [32mDEBUG[39m [97m@wdio/browserstack-service[39m [BATCH_DATA] Success response: {"success":true}
[90m2025-08-06T13:14:50.069Z[39m [32mDEBUG[39m [97m@wdio/browserstack-service[39m callback: marking events success 9
[90m2025-08-06T13:14:50.296Z[39m [32mDEBUG[39m [97m@wdio/browserstack-service[39m teardown started
[90m2025-08-06T13:14:50.297Z[39m [32mDEBUG[39m [97m@wdio/browserstack-service[39m shutdown started
[90m2025-08-06T13:14:50.297Z[39m [32mDEBUG[39m [97m@wdio/browserstack-service[39m Shutting down request queue
[90m2025-08-06T13:14:50.297Z[39m [32mDEBUG[39m [97m@wdio/browserstack-service[39m calling callback with kind SHUTDOWN_QUEUE
[90m2025-08-06T13:14:50.297Z[39m [32mDEBUG[39m [97m@wdio/browserstack-service[39m callback: called with events 11
[90m2025-08-06T13:14:50.525Z[39m [32mDEBUG[39m [97m@wdio/browserstack-service[39m [BATCH_DATA] Success response: {"success":true}
[90m2025-08-06T13:14:50.526Z[39m [32mDEBUG[39m [97m@wdio/browserstack-service[39m callback: marking events success 11
[90m2025-08-06T13:14:50.526Z[39m [32mDEBUG[39m [97m@wdio/browserstack-service[39m shutdown ended
[90m2025-08-06T13:14:50.526Z[39m [32mDEBUG[39m [97m@wdio/browserstack-service[39m teardown ended
[90m2025-08-06T13:14:51.810Z[39m [32mDEBUG[39m [97m@wdio/browserstack-service[39m Added data to request queue. Queue length = 1
[90m2025-08-06T13:14:51.810Z[39m [32mDEBUG[39m [97m@wdio/browserstack-service[39m Force request-queue shutdown, as test run event is received after teardown
[90m2025-08-06T13:14:51.810Z[39m [32mDEBUG[39m [97m@wdio/browserstack-service[39m Sending data from request queue. Data length = 1, Queue length after removal = 0
[90m2025-08-06T13:14:51.810Z[39m [32mDEBUG[39m [97m@wdio/browserstack-service[39m calling callback with kind INTERVAL_QUEUE
[90m2025-08-06T13:14:51.810Z[39m [32mDEBUG[39m [97m@wdio/browserstack-service[39m callback: called with events 1
[90m2025-08-06T13:14:52.196Z[39m [32mDEBUG[39m [97m@wdio/browserstack-service[39m Inside OnComplete hook..
[90m2025-08-06T13:14:52.196Z[39m [32mDEBUG[39m [97m@wdio/browserstack-service[39m Sending stop launch event
[90m2025-08-06T13:14:52.881Z[39m [32mDEBUG[39m [97m@wdio/browserstack-service[39m [STOP_BUILD] Success response: 
[90m2025-08-06T13:14:52.883Z[39m [96mINFO[39m [97m@wdio/browserstack-service[39m Browserstack Local successfully started after 684.5787920000002ms
[90m2025-08-06T13:14:52.884Z[39m [96mINFO[39m [97m@wdio/browserstack-service[39m BrowserStack service run ended for id: f7ff6b70-d1f5-4463-a3c4-0db6e8b2526e testhub id: iitfpgqb3dmmctqkie0y9b4svgscxnwg98jvspyr
[90m2025-08-06T13:14:52.885Z[39m [32mDEBUG[39m [97m@wdio/browserstack-service[39m Reading worker file worker-data-13937.json
[90m2025-08-06T13:14:52.890Z[39m [32mDEBUG[39m [97m@wdio/browserstack-service[39m Sending SDK event with data {
  userName: '[REDACTED]',
  accessKey: '[REDACTED]',
  event_type: 'SDKTestSuccessful',
  detectedFramework: 'WebdriverIO-mocha',
  event_properties: {
    sdkRunId: 'f7ff6b70-d1f5-4463-a3c4-0db6e8b2526e',
    testhub_uuid: 'iitfpgqb3dmmctqkie0y9b4svgscxnwg98jvspyr',
    language_framework: 'WebdriverIO_mocha',
    referrer: 'WebdriverIO-mocha/9.18.3',
    language: 'WebdriverIO',
    languageVersion: 'v22.15.1',
    buildName: 'undefined',
    buildIdentifier: 'undefined',
    os: 'Darwin',
    hostname: 'Adarsh-RG9M5920FF',
    productMap: {
      observability: true,
      accessibility: null,
      percy: false,
      automate: true,
      app_automate: false
    },
    product: [ 'observability', 'automate' ],
    framework: 'mocha',
    productUsage: {
      testObservability: {
        enabled: true,
        manuallySet: false,
        buildHashedId: 'iitfpgqb3dmmctqkie0y9b4svgscxnwg98jvspyr',
        events: {
          buildEvents: {
            started: { isTriggered: true, status: 'success', error: undefined },
            finished: { isTriggered: true, status: 'success', error: undefined }
          },
          testEvents: {
            started: { triggeredCount: 1, sentCount: 1, failedCount: 0 },
            finished: { triggeredCount: 1, sentCount: 1, failedCount: 0 },
            passed: { triggeredCount: 1, sentCount: 1, failedCount: 0 }
          },
          hookEvents: {
            started: { triggeredCount: 0, sentCount: 0, failedCount: 0 },
            finished: { triggeredCount: 0, sentCount: 0, failedCount: 0 }
          },
          logEvents: {
            triggeredCount: 19,
            sentCount: 19,
            failedCount: 0,
            http: { triggeredCount: 19, sentCount: 19, failedCount: 0 }
          },
          cbtSessionEvents: { triggeredCount: 0, sentCount: 0, failedCount: 0 }
        }
      }
    }
  }
}
[90m2025-08-06T13:14:53.290Z[39m [32mDEBUG[39m [97m@wdio/browserstack-service[39m Funnel Event Response: "{\"message\":\"SDK Event recorded successfully\"}"
[90m2025-08-06T13:14:53.290Z[39m [32mDEBUG[39m [97m@wdio/browserstack-service[39m Funnel event success
[90m2025-08-06T13:14:54.209Z[39m [96mINFO[39m [97m@wdio/browserstack-service[39m Upload response: {
  "status": "success",
  "message": "Logs upload successful in file - logs.gz"
}
[90m2025-08-06T13:14:54.209Z[39m [32mDEBUG[39m [97m@wdio/browserstack-service[39m Response - {
  status: 'success',
  message: 'Logs upload successful in file - logs.gz'
}
[90m2025-08-06T13:14:58.099Z[39m [32mDEBUG[39m [97m@wdio/browserstack-service[39m Successfully uploaded performance events Bravo
